SF:lib/models/counter.dart
DA:4,3
DA:6,3
LF:2
LH:2
end_of_record
SF:lib/models/account.dart
DA:7,1
DA:14,1
DA:15,3
DA:16,3
LF:4
LH:4
end_of_record
SF:lib/main.dart
DA:4,0
DA:5,0
DA:7,0
DA:11,2
DA:13,1
DA:15,1
DA:17,1
LF:7
LH:4
end_of_record
SF:lib/components/account_actions.dart
DA:5,1
DA:10,1
DA:12,1
DA:13,1
DA:14,1
DA:16,1
DA:18,1
DA:19,1
DA:22,1
DA:23,1
DA:28,2
LF:11
LH:11
end_of_record
SF:lib/components/buttons.dart
DA:5,0
DA:10,0
DA:12,0
DA:13,0
DA:14,0
DA:15,0
DA:17,0
DA:19,0
DA:21,0
DA:28,0
DA:33,0
DA:35,0
DA:36,0
DA:37,0
DA:38,0
DA:40,0
DA:41,0
DA:42,0
DA:44,0
LF:19
LH:0
end_of_record
SF:lib/components/last_transactions.dart
DA:5,1
DA:11,1
DA:13,1
DA:15,1
DA:16,1
DA:17,1
DA:19,1
DA:21,1
DA:22,1
DA:23,1
DA:24,2
DA:27,1
DA:29,1
DA:30,1
DA:32,2
DA:34,1
DA:35,2
LF:17
LH:17
end_of_record
SF:lib/components/logo.dart
DA:4,1
DA:6,1
DA:8,1
DA:9,1
DA:17,1
LF:5
LH:5
end_of_record
SF:lib/screens/dashboard.dart
DA:12,3
DA:14,1
DA:16,1
DA:17,1
DA:18,1
DA:19,1
DA:20,1
DA:45,1
DA:47,1
DA:49,1
DA:51,1
DA:53,1
DA:55,1
DA:70,1
DA:72,1
DA:73,1
DA:74,0
DA:75,0
DA:77,0
DA:78,0
DA:83,1
DA:84,0
DA:85,0
DA:86,0
DA:87,0
DA:161,1
DA:163,1
DA:165,1
DA:167,1
LF:29
LH:21
end_of_record
SF:lib/screens/charge.dart
DA:7,0
DA:11,0
DA:13,0
DA:14,0
DA:17,0
DA:19,0
DA:21,0
DA:22,0
DA:24,0
DA:29,0
DA:30,0
DA:36,0
DA:37,0
DA:39,0
DA:41,0
DA:43,0
DA:44,0
DA:46,0
DA:47,0
DA:50,0
DA:51,0
DA:66,1
DA:68,0
DA:70,0
DA:71,0
DA:74,0
DA:76,0
DA:78,0
DA:79,0
DA:81,0
DA:130,0
DA:132,0
DA:133,0
DA:138,0
DA:139,0
DA:141,0
DA:143,0
DA:145,0
DA:146,0
DA:148,0
DA:150,0
DA:151,0
LF:42
LH:1
end_of_record
SF:lib/screens/transfer.dart
DA:6,0
DA:10,0
DA:12,0
DA:13,0
DA:16,0
DA:18,0
DA:20,0
DA:21,0
DA:23,0
DA:25,0
DA:27,0
DA:35,0
DA:38,0
DA:39,0
DA:41,0
DA:43,0
DA:45,0
DA:46,0
DA:48,0
DA:50,0
DA:51,0
LF:21
LH:0
end_of_record
